<?xml version="1.0" encoding="UTF-8"?>
<testsuite xmlns:xsi="http://www.w3.org/2001/XMLSchema-instance" xsi:noNamespaceSchemaLocation="https://maven.apache.org/surefire/maven-surefire-plugin/xsd/surefire-test-report.xsd" name="NotifySpec" time="9.599" tests="2" errors="0" skipped="0" failures="1">
  <properties>
[...]
</properties>
  <testcase name="[notify] will echo SLACK_MESSAGE if type is slack" classname="NotifySpec" time="1.019">
    <failure message="Too many invocations for:&#10;&#10;0 * getPipelineMock(&quot;echo&quot;)(Constants.SLACK_MESSAGE)   (1 invocation)&#10;&#10;Matching invocations (ordered by last occurrence):&#10;&#10;1 * getPipelineMock(&quot;echo&quot;).call(&apos;Sending Slack Notification&apos;)   &lt;-- this triggered the error&#10;&#10;" type="org.spockframework.mock.TooManyInvocationsError"><![CDATA[org.spockframework.mock.TooManyInvocationsError: 
Too many invocations for:

0 * getPipelineMock("echo")(Constants.SLACK_MESSAGE)   (1 invocation)

Matching invocations (ordered by last occurrence):

1 * getPipelineMock("echo").call('Sending Slack Notification')   <-- this triggered the error


	at NotifySpec.[notify] will echo SLACK_MESSAGE if type is slack(NotifySpec.groovy:13)
]]></failure>
    <system-out><![CDATA[21:54:30.267 [main] DEBUG org.apache.commons.beanutils.converters.BooleanConverter - Setting default value: false
21:54:30.269 [main] DEBUG org.apache.commons.beanutils.converters.BooleanConverter - Converting 'Boolean' value 'false' to type 'Boolean'
21:54:30.269 [main] DEBUG org.apache.commons.beanutils.converters.BooleanConverter -     No conversion required, value is already a Boolean
21:54:30.271 [main] DEBUG org.apache.commons.beanutils.converters.ByteConverter - Setting default value: 0
21:54:30.271 [main] DEBUG org.apache.commons.beanutils.converters.ByteConverter - Converting 'Integer' value '0' to type 'Byte'
21:54:30.271 [main] DEBUG org.apache.commons.beanutils.converters.ByteConverter -     Converted to Byte value '0'
21:54:30.271 [main] DEBUG org.apache.commons.beanutils.converters.CharacterConverter - Setting default value:  
21:54:30.272 [main] DEBUG org.apache.commons.beanutils.converters.CharacterConverter - Converting 'Character' value ' ' to type 'Character'
21:54:30.272 [main] DEBUG org.apache.commons.beanutils.converters.CharacterConverter -     No conversion required, value is already a Character
21:54:30.272 [main] DEBUG org.apache.commons.beanutils.converters.DoubleConverter - Setting default value: 0
21:54:30.272 [main] DEBUG org.apache.commons.beanutils.converters.DoubleConverter - Converting 'Integer' value '0' to type 'Double'
21:54:30.272 [main] DEBUG org.apache.commons.beanutils.converters.DoubleConverter -     Converted to Double value '0.0'
21:54:30.272 [main] DEBUG org.apache.commons.beanutils.converters.FloatConverter - Setting default value: 0
21:54:30.272 [main] DEBUG org.apache.commons.beanutils.converters.FloatConverter - Converting 'Integer' value '0' to type 'Float'
21:54:30.272 [main] DEBUG org.apache.commons.beanutils.converters.FloatConverter -     Converted to Float value '0.0'
21:54:30.273 [main] DEBUG org.apache.commons.beanutils.converters.IntegerConverter - Setting default value: 0
21:54:30.273 [main] DEBUG org.apache.commons.beanutils.converters.IntegerConverter - Converting 'Integer' value '0' to type 'Integer'
21:54:30.273 [main] DEBUG org.apache.commons.beanutils.converters.IntegerConverter -     No conversion required, value is already a Integer
21:54:30.273 [main] DEBUG org.apache.commons.beanutils.converters.LongConverter - Setting default value: 0
21:54:30.273 [main] DEBUG org.apache.commons.beanutils.converters.LongConverter - Converting 'Integer' value '0' to type 'Long'
21:54:30.273 [main] DEBUG org.apache.commons.beanutils.converters.LongConverter -     Converted to Long value '0'
21:54:30.274 [main] DEBUG org.apache.commons.beanutils.converters.ShortConverter - Setting default value: 0
21:54:30.274 [main] DEBUG org.apache.commons.beanutils.converters.ShortConverter - Converting 'Integer' value '0' to type 'Short'
21:54:30.274 [main] DEBUG org.apache.commons.beanutils.converters.ShortConverter -     Converted to Short value '0'
21:54:30.275 [main] DEBUG org.apache.commons.beanutils.converters.BigDecimalConverter - Setting default value: 0.0
21:54:30.275 [main] DEBUG org.apache.commons.beanutils.converters.BigDecimalConverter - Converting 'BigDecimal' value '0.0' to type 'BigDecimal'
21:54:30.275 [main] DEBUG org.apache.commons.beanutils.converters.BigDecimalConverter -     No conversion required, value is already a BigDecimal
21:54:30.275 [main] DEBUG org.apache.commons.beanutils.converters.BigIntegerConverter - Setting default value: 0
21:54:30.275 [main] DEBUG org.apache.commons.beanutils.converters.BigIntegerConverter - Converting 'BigInteger' value '0' to type 'BigInteger'
21:54:30.275 [main] DEBUG org.apache.commons.beanutils.converters.BigIntegerConverter -     No conversion required, value is already a BigInteger
21:54:30.275 [main] DEBUG org.apache.commons.beanutils.converters.BooleanConverter - Setting default value: false
21:54:30.275 [main] DEBUG org.apache.commons.beanutils.converters.BooleanConverter - Converting 'Boolean' value 'false' to type 'Boolean'
21:54:30.275 [main] DEBUG org.apache.commons.beanutils.converters.BooleanConverter -     No conversion required, value is already a Boolean
21:54:30.275 [main] DEBUG org.apache.commons.beanutils.converters.ByteConverter - Setting default value: 0
21:54:30.275 [main] DEBUG org.apache.commons.beanutils.converters.ByteConverter - Converting 'Integer' value '0' to type 'Byte'
21:54:30.275 [main] DEBUG org.apache.commons.beanutils.converters.ByteConverter -     Converted to Byte value '0'
21:54:30.275 [main] DEBUG org.apache.commons.beanutils.converters.CharacterConverter - Setting default value:  
21:54:30.275 [main] DEBUG org.apache.commons.beanutils.converters.CharacterConverter - Converting 'Character' value ' ' to type 'Character'
21:54:30.275 [main] DEBUG org.apache.commons.beanutils.converters.CharacterConverter -     No conversion required, value is already a Character
21:54:30.276 [main] DEBUG org.apache.commons.beanutils.converters.DoubleConverter - Setting default value: 0
21:54:30.276 [main] DEBUG org.apache.commons.beanutils.converters.DoubleConverter - Converting 'Integer' value '0' to type 'Double'
21:54:30.276 [main] DEBUG org.apache.commons.beanutils.converters.DoubleConverter -     Converted to Double value '0.0'
21:54:30.276 [main] DEBUG org.apache.commons.beanutils.converters.FloatConverter - Setting default value: 0
21:54:30.276 [main] DEBUG org.apache.commons.beanutils.converters.FloatConverter - Converting 'Integer' value '0' to type 'Float'
21:54:30.276 [main] DEBUG org.apache.commons.beanutils.converters.FloatConverter -     Converted to Float value '0.0'
21:54:30.276 [main] DEBUG org.apache.commons.beanutils.converters.IntegerConverter - Setting default value: 0
21:54:30.276 [main] DEBUG org.apache.commons.beanutils.converters.IntegerConverter - Converting 'Integer' value '0' to type 'Integer'
21:54:30.276 [main] DEBUG org.apache.commons.beanutils.converters.IntegerConverter -     No conversion required, value is already a Integer
21:54:30.276 [main] DEBUG org.apache.commons.beanutils.converters.LongConverter - Setting default value: 0
21:54:30.276 [main] DEBUG org.apache.commons.beanutils.converters.LongConverter - Converting 'Integer' value '0' to type 'Long'
21:54:30.276 [main] DEBUG org.apache.commons.beanutils.converters.LongConverter -     Converted to Long value '0'
21:54:30.277 [main] DEBUG org.apache.commons.beanutils.converters.ShortConverter - Setting default value: 0
21:54:30.277 [main] DEBUG org.apache.commons.beanutils.converters.ShortConverter - Converting 'Integer' value '0' to type 'Short'
21:54:30.277 [main] DEBUG org.apache.commons.beanutils.converters.ShortConverter -     Converted to Short value '0'
21:54:30.277 [main] DEBUG org.apache.commons.beanutils.converters.StringConverter - Setting default value: 
21:54:30.277 [main] DEBUG org.apache.commons.beanutils.converters.StringConverter - Converting 'String' value '' to type 'String'
21:54:30.284 [main] DEBUG org.apache.commons.beanutils.converters.ArrayConverter - Setting default value: [Z@47f9738
21:54:30.284 [main] DEBUG org.apache.commons.beanutils.converters.ArrayConverter - Converting 'boolean[]' value '[Z@47f9738' to type 'boolean[]'
21:54:30.285 [main] DEBUG org.apache.commons.beanutils.converters.ArrayConverter -     No conversion required, value is already a boolean[]
21:54:30.285 [main] DEBUG org.apache.commons.beanutils.converters.ArrayConverter - Setting default value: [B@6155d082
21:54:30.285 [main] DEBUG org.apache.commons.beanutils.converters.ArrayConverter - Converting 'byte[]' value '[B@6155d082' to type 'byte[]'
21:54:30.285 [main] DEBUG org.apache.commons.beanutils.converters.ArrayConverter -     No conversion required, value is already a byte[]
21:54:30.285 [main] DEBUG org.apache.commons.beanutils.converters.ArrayConverter - Setting default value: [C@3a5ecce3
21:54:30.285 [main] DEBUG org.apache.commons.beanutils.converters.ArrayConverter - Converting 'char[]' value '[C@3a5ecce3' to type 'char[]'
21:54:30.285 [main] DEBUG org.apache.commons.beanutils.converters.ArrayConverter -     No conversion required, value is already a char[]
21:54:30.285 [main] DEBUG org.apache.commons.beanutils.converters.ArrayConverter - Setting default value: [D@561868a0
21:54:30.285 [main] DEBUG org.apache.commons.beanutils.converters.ArrayConverter - Converting 'double[]' value '[D@561868a0' to type 'double[]'
21:54:30.285 [main] DEBUG org.apache.commons.beanutils.converters.ArrayConverter -     No conversion required, value is already a double[]
21:54:30.285 [main] DEBUG org.apache.commons.beanutils.converters.ArrayConverter - Setting default value: [F@2ea6e30c
21:54:30.285 [main] DEBUG org.apache.commons.beanutils.converters.ArrayConverter - Converting 'float[]' value '[F@2ea6e30c' to type 'float[]'
21:54:30.285 [main] DEBUG org.apache.commons.beanutils.converters.ArrayConverter -     No conversion required, value is already a float[]
21:54:30.285 [main] DEBUG org.apache.commons.beanutils.converters.ArrayConverter - Setting default value: [I@6138e79a
21:54:30.285 [main] DEBUG org.apache.commons.beanutils.converters.ArrayConverter - Converting 'int[]' value '[I@6138e79a' to type 'int[]'
21:54:30.286 [main] DEBUG org.apache.commons.beanutils.converters.ArrayConverter -     No conversion required, value is already a int[]
21:54:30.286 [main] DEBUG org.apache.commons.beanutils.converters.ArrayConverter - Setting default value: [J@2dcd168a
21:54:30.286 [main] DEBUG org.apache.commons.beanutils.converters.ArrayConverter - Converting 'long[]' value '[J@2dcd168a' to type 'long[]'
21:54:30.286 [main] DEBUG org.apache.commons.beanutils.converters.ArrayConverter -     No conversion required, value is already a long[]
21:54:30.286 [main] DEBUG org.apache.commons.beanutils.converters.ArrayConverter - Setting default value: [S@388526fb
21:54:30.286 [main] DEBUG org.apache.commons.beanutils.converters.ArrayConverter - Converting 'short[]' value '[S@388526fb' to type 'short[]'
21:54:30.286 [main] DEBUG org.apache.commons.beanutils.converters.ArrayConverter -     No conversion required, value is already a short[]
21:54:30.286 [main] DEBUG org.apache.commons.beanutils.converters.ArrayConverter - Setting default value: [Ljava.math.BigDecimal;@21a21c64
21:54:30.286 [main] DEBUG org.apache.commons.beanutils.converters.ArrayConverter - Converting 'BigDecimal[]' value '[Ljava.math.BigDecimal;@21a21c64' to type 'BigDecimal[]'
21:54:30.286 [main] DEBUG org.apache.commons.beanutils.converters.ArrayConverter -     No conversion required, value is already a BigDecimal[]
21:54:30.286 [main] DEBUG org.apache.commons.beanutils.converters.ArrayConverter - Setting default value: [Ljava.math.BigInteger;@7803bfd
21:54:30.287 [main] DEBUG org.apache.commons.beanutils.converters.ArrayConverter - Converting 'BigInteger[]' value '[Ljava.math.BigInteger;@7803bfd' to type 'BigInteger[]'
21:54:30.287 [main] DEBUG org.apache.commons.beanutils.converters.ArrayConverter -     No conversion required, value is already a BigInteger[]
21:54:30.287 [main] DEBUG org.apache.commons.beanutils.converters.ArrayConverter - Setting default value: [Ljava.lang.Boolean;@42bc14c1
21:54:30.287 [main] DEBUG org.apache.commons.beanutils.converters.ArrayConverter - Converting 'Boolean[]' value '[Ljava.lang.Boolean;@42bc14c1' to type 'Boolean[]'
21:54:30.287 [main] DEBUG org.apache.commons.beanutils.converters.ArrayConverter -     No conversion required, value is already a Boolean[]
21:54:30.287 [main] DEBUG org.apache.commons.beanutils.converters.ArrayConverter - Setting default value: [Ljava.lang.Byte;@531f4093
21:54:30.287 [main] DEBUG org.apache.commons.beanutils.converters.ArrayConverter - Converting 'Byte[]' value '[Ljava.lang.Byte;@531f4093' to type 'Byte[]'
21:54:30.287 [main] DEBUG org.apache.commons.beanutils.converters.ArrayConverter -     No conversion required, value is already a Byte[]
21:54:30.287 [main] DEBUG org.apache.commons.beanutils.converters.ArrayConverter - Setting default value: [Ljava.lang.Character;@62ef27a8
21:54:30.287 [main] DEBUG org.apache.commons.beanutils.converters.ArrayConverter - Converting 'Character[]' value '[Ljava.lang.Character;@62ef27a8' to type 'Character[]'
21:54:30.287 [main] DEBUG org.apache.commons.beanutils.converters.ArrayConverter -     No conversion required, value is already a Character[]
21:54:30.287 [main] DEBUG org.apache.commons.beanutils.converters.ArrayConverter - Setting default value: [Ljava.lang.Double;@6436a7db
21:54:30.287 [main] DEBUG org.apache.commons.beanutils.converters.ArrayConverter - Converting 'Double[]' value '[Ljava.lang.Double;@6436a7db' to type 'Double[]'
21:54:30.287 [main] DEBUG org.apache.commons.beanutils.converters.ArrayConverter -     No conversion required, value is already a Double[]
21:54:30.288 [main] DEBUG org.apache.commons.beanutils.converters.ArrayConverter - Setting default value: [Ljava.lang.Float;@460ebd80
21:54:30.288 [main] DEBUG org.apache.commons.beanutils.converters.ArrayConverter - Converting 'Float[]' value '[Ljava.lang.Float;@460ebd80' to type 'Float[]'
21:54:30.288 [main] DEBUG org.apache.commons.beanutils.converters.ArrayConverter -     No conversion required, value is already a Float[]
21:54:30.288 [main] DEBUG org.apache.commons.beanutils.converters.ArrayConverter - Setting default value: [Ljava.lang.Integer;@6f3c660a
21:54:30.288 [main] DEBUG org.apache.commons.beanutils.converters.ArrayConverter - Converting 'Integer[]' value '[Ljava.lang.Integer;@6f3c660a' to type 'Integer[]'
21:54:30.288 [main] DEBUG org.apache.commons.beanutils.converters.ArrayConverter -     No conversion required, value is already a Integer[]
21:54:30.288 [main] DEBUG org.apache.commons.beanutils.converters.ArrayConverter - Setting default value: [Ljava.lang.Long;@74f5ce22
21:54:30.288 [main] DEBUG org.apache.commons.beanutils.converters.ArrayConverter - Converting 'Long[]' value '[Ljava.lang.Long;@74f5ce22' to type 'Long[]'
21:54:30.288 [main] DEBUG org.apache.commons.beanutils.converters.ArrayConverter -     No conversion required, value is already a Long[]
21:54:30.288 [main] DEBUG org.apache.commons.beanutils.converters.ArrayConverter - Setting default value: [Ljava.lang.Short;@25aca718
21:54:30.288 [main] DEBUG org.apache.commons.beanutils.converters.ArrayConverter - Converting 'Short[]' value '[Ljava.lang.Short;@25aca718' to type 'Short[]'
21:54:30.288 [main] DEBUG org.apache.commons.beanutils.converters.ArrayConverter -     No conversion required, value is already a Short[]
21:54:30.289 [main] DEBUG org.apache.commons.beanutils.converters.ArrayConverter - Setting default value: [Ljava.lang.String;@16fdec90
21:54:30.289 [main] DEBUG org.apache.commons.beanutils.converters.ArrayConverter - Converting 'String[]' value '[Ljava.lang.String;@16fdec90' to type 'String[]'
21:54:30.289 [main] DEBUG org.apache.commons.beanutils.converters.ArrayConverter -     No conversion required, value is already a String[]
21:54:30.289 [main] DEBUG org.apache.commons.beanutils.converters.ArrayConverter - Setting default value: [Ljava.lang.Class;@1afdd473
21:54:30.289 [main] DEBUG org.apache.commons.beanutils.converters.ArrayConverter - Converting 'Class[]' value '[Ljava.lang.Class;@1afdd473' to type 'Class[]'
21:54:30.289 [main] DEBUG org.apache.commons.beanutils.converters.ArrayConverter -     No conversion required, value is already a Class[]
21:54:30.289 [main] DEBUG org.apache.commons.beanutils.converters.ArrayConverter - Setting default value: [Ljava.util.Date;@40238dd0
21:54:30.289 [main] DEBUG org.apache.commons.beanutils.converters.ArrayConverter - Converting 'Date[]' value '[Ljava.util.Date;@40238dd0' to type 'Date[]'
21:54:30.289 [main] DEBUG org.apache.commons.beanutils.converters.ArrayConverter -     No conversion required, value is already a Date[]
21:54:30.289 [main] DEBUG org.apache.commons.beanutils.converters.ArrayConverter - Setting default value: [Ljava.util.Calendar;@79179359
21:54:30.289 [main] DEBUG org.apache.commons.beanutils.converters.ArrayConverter - Converting 'Calendar[]' value '[Ljava.util.Calendar;@79179359' to type 'Calendar[]'
21:54:30.289 [main] DEBUG org.apache.commons.beanutils.converters.ArrayConverter -     No conversion required, value is already a Calendar[]
21:54:30.289 [main] DEBUG org.apache.commons.beanutils.converters.ArrayConverter - Setting default value: [Ljava.io.File;@51acdf2e
21:54:30.289 [main] DEBUG org.apache.commons.beanutils.converters.ArrayConverter - Converting 'java.io.File[]' value '[Ljava.io.File;@51acdf2e' to type 'java.io.File[]'
21:54:30.289 [main] DEBUG org.apache.commons.beanutils.converters.ArrayConverter -     No conversion required, value is already a java.io.File[]
21:54:30.289 [main] DEBUG org.apache.commons.beanutils.converters.ArrayConverter - Setting default value: [Ljava.sql.Date;@2f1de2d6
21:54:30.289 [main] DEBUG org.apache.commons.beanutils.converters.ArrayConverter - Converting 'java.sql.Date[]' value '[Ljava.sql.Date;@2f1de2d6' to type 'java.sql.Date[]'
21:54:30.289 [main] DEBUG org.apache.commons.beanutils.converters.ArrayConverter -     No conversion required, value is already a java.sql.Date[]
21:54:30.290 [main] DEBUG org.apache.commons.beanutils.converters.ArrayConverter - Setting default value: [Ljava.sql.Time;@79517588
21:54:30.290 [main] DEBUG org.apache.commons.beanutils.converters.ArrayConverter - Converting 'java.sql.Time[]' value '[Ljava.sql.Time;@79517588' to type 'java.sql.Time[]'
21:54:30.290 [main] DEBUG org.apache.commons.beanutils.converters.ArrayConverter -     No conversion required, value is already a java.sql.Time[]
21:54:30.290 [main] DEBUG org.apache.commons.beanutils.converters.ArrayConverter - Setting default value: [Ljava.sql.Timestamp;@7ac0e420
21:54:30.290 [main] DEBUG org.apache.commons.beanutils.converters.ArrayConverter - Converting 'java.sql.Timestamp[]' value '[Ljava.sql.Timestamp;@7ac0e420' to type 'java.sql.Timestamp[]'
21:54:30.290 [main] DEBUG org.apache.commons.beanutils.converters.ArrayConverter -     No conversion required, value is already a java.sql.Timestamp[]
21:54:30.290 [main] DEBUG org.apache.commons.beanutils.converters.ArrayConverter - Setting default value: [Ljava.net.URL;@5a18cd76
21:54:30.290 [main] DEBUG org.apache.commons.beanutils.converters.ArrayConverter - Converting 'java.net.URL[]' value '[Ljava.net.URL;@5a18cd76' to type 'java.net.URL[]'
21:54:30.290 [main] DEBUG org.apache.commons.beanutils.converters.ArrayConverter -     No conversion required, value is already a java.net.URL[]
21:54:30.293 [main] DEBUG org.apache.commons.beanutils.converters.IntegerConverter - Setting default value: null
21:54:30.293 [main] DEBUG org.apache.commons.beanutils.converters.FloatConverter - Setting default value: null
21:54:30.293 [main] DEBUG org.apache.commons.beanutils.converters.DoubleConverter - Setting default value: null
21:54:30.742 [main] WARN com.homeaway.devtools.jenkins.testing.WholeClasspathPipelineExtensionDetector - Failed to get some classes annotated with [interface hudson.Extension] of type [class org.jenkinsci.plugins.workflow.steps.StepDescriptor] in package [Optional.empty]. For detailed error messages, set the system property PipelineExtensionDetector.expandFailures=true. Failures: [[com.cloudbees.plugins.credentials.cli.CreateCredentialsByXmlCommand, hudson.cli.UpdateNodeCommand, org.jenkinsci.plugins.workflow.cps.CpsFlowExecution$PipelineTimings, hudson.cli.ReloadConfigurationCommand, hudson.cli.DeleteJobCommand, jenkins.plugins.git.traits.TagDiscoveryTrait$TagSCMHeadAuthority$DescriptorImpl, com.cloudbees.plugins.credentials.cli.ListCredentialsProvidersCommand, hudson.cli.ListJobsCommand, com.cloudbees.plugins.credentials.cli.DeleteCredentialsDomainCommand, hudson.cli.DisconnectNodeCommand, hudson.cli.BuildCommand, hudson.cli.GetJobCommand, hudson.cli.DeleteViewCommand, jenkins.plugins.git.traits.RefSpecsSCMSourceTrait$DescriptorImpl, com.cloudbees.plugins.credentials.cli.CreateCredentialsDomainByXmlCommand, org.jenkinsci.plugins.workflow.cps.replay.ReplayCommand, com.cloudbees.plugins.credentials.cli.GetCredentialsAsXmlCommand, hudson.cli.ConnectNodeCommand, hudson.cli.VersionCommand, hudson.cli.DeleteNodeCommand, com.cloudbees.plugins.credentials.cli.UpdateCredentialsDomainByXmlCommand, hudson.cli.OnlineNodeCommand, jenkins.plugins.git.traits.SubmoduleOptionTrait$DescriptorImpl, jenkins.plugins.git.traits.IgnoreOnPushNotificationTrait$DescriptorImpl, jenkins.plugins.git.traits.WipeWorkspaceTrait$DescriptorImpl, hudson.cli.ReloadJobCommand, jenkins.plugins.git.traits.GitLFSPullTrait$DescriptorImpl, hudson.cli.InstallPluginCommand, jenkins.plugins.git.traits.AuthorInChangelogTrait$DescriptorImpl, com.cloudbees.plugins.credentials.cli.UpdateCredentialsByXmlCommand, hudson.cli.SetBuildParameterCommand, org.jenkinsci.plugins.workflow.cps.CpsThreadDumpAction$PipelineThreadDump, jenkins.plugins.git.traits.GitToolSCMSourceTrait$DescriptorImpl, com.cloudbees.plugins.credentials.cli.DeleteCredentialsCommand, hudson.cli.GetNodeCommand, com.cloudbees.plugins.credentials.cli.GetCredentialsDomainAsXmlCommand, com.cloudbees.plugins.credentials.cli.ListCredentialsContextResolversCommand, hudson.cli.CancelQuietDownCommand, hudson.cli.CreateJobCommand, hudson.cli.GetViewCommand, hudson.cli.HelpCommand, hudson.cli.SetBuildDisplayNameCommand, hudson.cli.ClearQueueCommand, hudson.cli.SetBuildDescriptionCommand, hudson.plugins.git.GitRevisionTokenMacro, jenkins.plugins.git.traits.BranchDiscoveryTrait$BranchSCMHeadAuthority$DescriptorImpl, hudson.cli.GroovyshCommand, hudson.cli.QuietDownCommand, hudson.cli.ConsoleCommand, hudson.cli.CliProtocol2, hudson.cli.WaitNodeOnlineCommand, jenkins.plugins.git.traits.CleanAfterCheckoutTrait$DescriptorImpl, hudson.cli.GroovyCommand, jenkins.plugins.git.traits.CheckoutOptionTrait$DescriptorImpl, hudson.cli.LoginCommand, hudson.cli.WhoAmICommand, jenkins.plugins.git.traits.RemoteNameSCMSourceTrait$DescriptorImpl, jenkins.plugins.git.GitSCMSource$ListenerImpl, hudson.cli.WaitNodeOfflineCommand, hudson.cli.CopyJobCommand, hudson.cli.RemoveJobFromViewCommand, hudson.cli.ListPluginsCommand, jenkins.plugins.git.traits.LocalBranchTrait$DescriptorImpl, hudson.cli.SetBuildResultCommand, jenkins.plugins.git.traits.CleanBeforeCheckoutTrait$DescriptorImpl, jenkins.plugins.git.traits.UserIdentityTrait$DescriptorImpl, hudson.cli.MailCommand, jenkins.plugins.git.traits.GitBrowserSCMSourceTrait$DescriptorImpl, hudson.cli.ListChangesCommand, jenkins.slaves.JnlpSlaveAgentProtocol, hudson.cli.LogoutCommand, hudson.cli.CliProtocol, hudson.cli.SessionIdCommand, hudson.cli.CreateNodeCommand, hudson.cli.DeleteBuildsCommand, jenkins.plugins.git.traits.DiscoverOtherRefsTrait$DescriptorImpl, jenkins.plugins.git.traits.TagDiscoveryTrait$DescriptorImpl, com.cloudbees.plugins.credentials.cli.ListCredentialsCommand, jenkins.plugins.git.traits.PruneStaleBranchTrait$DescriptorImpl, hudson.plugins.git.GitBranchTokenMacro, hudson.cli.AddJobToViewCommand, hudson.cli.OfflineNodeCommand, hudson.cli.UpdateJobCommand, jenkins.plugins.git.traits.BranchDiscoveryTrait$DescriptorImpl, hudson.cli.CreateViewCommand, jenkins.plugins.git.traits.CloneOptionTrait$DescriptorImpl, hudson.cli.InstallToolCommand, jenkins.slaves.JnlpSlaveAgentProtocol3, hudson.cli.UpdateViewCommand]]
21:54:33.476 [main] WARN com.homeaway.devtools.jenkins.testing.WholeClasspathPipelineExtensionDetector - Failed to get some classes annotated with [interface org.jenkinsci.Symbol] of type [class java.lang.Object] in package [Optional.empty]. For detailed error messages, set the system property PipelineExtensionDetector.expandFailures=true. Failures: [[jenkins.slaves.JnlpSlaveAgentProtocol, hudson.cli.CliProtocol, hudson.cli.CliProtocol2, jenkins.slaves.JnlpSlaveAgentProtocol3]]
21:54:35.428 [main] WARN com.homeaway.devtools.jenkins.testing.WholeClasspathPipelineExtensionDetector - Failed to get some classes annotated with [interface hudson.Extension] of type [class org.jenkinsci.plugins.workflow.cps.GlobalVariable] in package [Optional.empty]. For detailed error messages, set the system property PipelineExtensionDetector.expandFailures=true. Failures: [[com.cloudbees.plugins.credentials.cli.CreateCredentialsByXmlCommand, hudson.cli.UpdateNodeCommand, org.jenkinsci.plugins.workflow.cps.CpsFlowExecution$PipelineTimings, hudson.cli.ReloadConfigurationCommand, hudson.cli.DeleteJobCommand, jenkins.plugins.git.traits.TagDiscoveryTrait$TagSCMHeadAuthority$DescriptorImpl, com.cloudbees.plugins.credentials.cli.ListCredentialsProvidersCommand, hudson.cli.ListJobsCommand, com.cloudbees.plugins.credentials.cli.DeleteCredentialsDomainCommand, hudson.cli.DisconnectNodeCommand, hudson.cli.BuildCommand, hudson.cli.GetJobCommand, hudson.cli.DeleteViewCommand, jenkins.plugins.git.traits.RefSpecsSCMSourceTrait$DescriptorImpl, com.cloudbees.plugins.credentials.cli.CreateCredentialsDomainByXmlCommand, org.jenkinsci.plugins.workflow.cps.replay.ReplayCommand, com.cloudbees.plugins.credentials.cli.GetCredentialsAsXmlCommand, hudson.cli.ConnectNodeCommand, hudson.cli.VersionCommand, hudson.cli.DeleteNodeCommand, com.cloudbees.plugins.credentials.cli.UpdateCredentialsDomainByXmlCommand, hudson.cli.OnlineNodeCommand, jenkins.plugins.git.traits.SubmoduleOptionTrait$DescriptorImpl, jenkins.plugins.git.traits.IgnoreOnPushNotificationTrait$DescriptorImpl, jenkins.plugins.git.traits.WipeWorkspaceTrait$DescriptorImpl, hudson.cli.ReloadJobCommand, jenkins.plugins.git.traits.GitLFSPullTrait$DescriptorImpl, hudson.cli.InstallPluginCommand, jenkins.plugins.git.traits.AuthorInChangelogTrait$DescriptorImpl, com.cloudbees.plugins.credentials.cli.UpdateCredentialsByXmlCommand, hudson.cli.SetBuildParameterCommand, org.jenkinsci.plugins.workflow.cps.CpsThreadDumpAction$PipelineThreadDump, jenkins.plugins.git.traits.GitToolSCMSourceTrait$DescriptorImpl, com.cloudbees.plugins.credentials.cli.DeleteCredentialsCommand, hudson.cli.GetNodeCommand, com.cloudbees.plugins.credentials.cli.GetCredentialsDomainAsXmlCommand, com.cloudbees.plugins.credentials.cli.ListCredentialsContextResolversCommand, hudson.cli.CancelQuietDownCommand, hudson.cli.CreateJobCommand, hudson.cli.GetViewCommand, hudson.cli.HelpCommand, hudson.cli.SetBuildDisplayNameCommand, hudson.cli.ClearQueueCommand, hudson.cli.SetBuildDescriptionCommand, hudson.plugins.git.GitRevisionTokenMacro, jenkins.plugins.git.traits.BranchDiscoveryTrait$BranchSCMHeadAuthority$DescriptorImpl, hudson.cli.GroovyshCommand, hudson.cli.QuietDownCommand, hudson.cli.ConsoleCommand, hudson.cli.CliProtocol2, hudson.cli.WaitNodeOnlineCommand, jenkins.plugins.git.traits.CleanAfterCheckoutTrait$DescriptorImpl, hudson.cli.GroovyCommand, jenkins.plugins.git.traits.CheckoutOptionTrait$DescriptorImpl, hudson.cli.LoginCommand, hudson.cli.WhoAmICommand, jenkins.plugins.git.traits.RemoteNameSCMSourceTrait$DescriptorImpl, jenkins.plugins.git.GitSCMSource$ListenerImpl, hudson.cli.WaitNodeOfflineCommand, hudson.cli.CopyJobCommand, hudson.cli.RemoveJobFromViewCommand, hudson.cli.ListPluginsCommand, jenkins.plugins.git.traits.LocalBranchTrait$DescriptorImpl, hudson.cli.SetBuildResultCommand, jenkins.plugins.git.traits.CleanBeforeCheckoutTrait$DescriptorImpl, jenkins.plugins.git.traits.UserIdentityTrait$DescriptorImpl, hudson.cli.MailCommand, jenkins.plugins.git.traits.GitBrowserSCMSourceTrait$DescriptorImpl, hudson.cli.ListChangesCommand, jenkins.slaves.JnlpSlaveAgentProtocol, hudson.cli.LogoutCommand, hudson.cli.CliProtocol, hudson.cli.SessionIdCommand, hudson.cli.CreateNodeCommand, hudson.cli.DeleteBuildsCommand, jenkins.plugins.git.traits.DiscoverOtherRefsTrait$DescriptorImpl, jenkins.plugins.git.traits.TagDiscoveryTrait$DescriptorImpl, com.cloudbees.plugins.credentials.cli.ListCredentialsCommand, jenkins.plugins.git.traits.PruneStaleBranchTrait$DescriptorImpl, hudson.plugins.git.GitBranchTokenMacro, hudson.cli.AddJobToViewCommand, hudson.cli.OfflineNodeCommand, hudson.cli.UpdateJobCommand, jenkins.plugins.git.traits.BranchDiscoveryTrait$DescriptorImpl, hudson.cli.CreateViewCommand, jenkins.plugins.git.traits.CloneOptionTrait$DescriptorImpl, hudson.cli.InstallToolCommand, jenkins.slaves.JnlpSlaveAgentProtocol3, hudson.cli.UpdateViewCommand]]
21:54:35.576 [main] DEBUG org.reflections.Reflections - going to scan these urls:
file:/C:/matea/shared_library/target/test-classes/
file:/C:/matea/shared_library/target/classes/
file:/C:/Users/eaormtt/.m2/repository/org/bytedeco/javacpp/1.2.3/
21:54:35.682 [main] INFO org.reflections.Reflections - Reflections took 106 ms to scan 3 urls, producing 3 keys and 3 values 
21:54:36.771 [main] DEBUG com.homeaway.devtools.jenkins.testing.JenkinsPipelineSpecification - TEST FIXTURE intercepted & redirected a call:
	Test         : class com.homeaway.devtools.jenkins.testing.JenkinsPipelineSpecification
	Note         : pipeline step 
	Via          : notify@161f6623.methodMissing
	    (types)  : notify.methodMissing
	Invocation   : notify@161f6623.echo([Sending Slack Notification])
	    (types)  : notify.echo(Object[])
	Forwarded To : Mock for type 'Closure' named 'getPipelineMock("echo")'.call(Sending Slack Notification)
	    (types)  : Closure$$EnhancerByCGLIB$$f8743ad0.call(String)

]]></system-out>
  </testcase>
  <testcase name="[notify] will echo EMAIL_MESSAGE if no type passed" classname="NotifySpec" time="0.118"/>
</testsuite>